<?xml version="1.0" encoding="UTF-8"?>
<!-- Generated by org.testng.reporters.JUnitReportReporter -->
<testsuite hostname="CP5VB89S3WLT" failures="0" tests="6" name="webdriver.sauce.tests.LoginPageTest" time="18.767" errors="0" timestamp="2023-05-14T16:34:05 IST" skipped="0">
  <testcase classname="webdriver.sauce.tests.LoginPageTest" name="logpageTitleTest" time="2.275"/>
  <system-out/>
  <testcase classname="webdriver.sauce.tests.LoginPageTest" name="SwaglablogoTest" time="1.669"/>
  <system-out/>
  <testcase classname="webdriver.sauce.tests.LoginPageTest" name="loginTest" time="1.873"/>
  <system-out/>
  <testcase classname="webdriver.sauce.tests.LoginPageTest" name="validatingmultiplelogin" time="3.806"/>
  <system-out/>
  <testcase classname="webdriver.sauce.tests.LoginPageTest" name="validatingmultiplelogin" time="7.237"/>
  <system-out/>
  <testcase classname="webdriver.sauce.tests.LoginPageTest" name="validatingmultiplelogin" time="1.907"/>
  <system-out/>
</testsuite> <!-- webdriver.sauce.tests.LoginPageTest -->
