<?xml version="1.0" encoding="UTF-8"?>
<!-- Generated by org.testng.reporters.JUnitReportReporter -->
<testsuite hostname="CP5VB89S3WLT" failures="0" tests="2" name="webdriver.sauce.tests.HomePageTest" time="5.275" errors="0" timestamp="2023-05-14T16:34:05 IST" skipped="0">
  <testcase classname="webdriver.sauce.tests.HomePageTest" name="VerifyHomePageTitle" time="2.769"/>
  <system-out/>
  <testcase classname="webdriver.sauce.tests.HomePageTest" name="HomePageLogoTest" time="2.506"/>
  <system-out/>
</testsuite> <!-- webdriver.sauce.tests.HomePageTest -->
